[    0.0000] Itializing cgroup subsys cpuset
[  0.0000] Inializinggroupubsyspu
[    0.000000] Initializing cgroup subsys cuac
[    000000Linux rsion 4.4.0-170-generic (buildd@lcy01-amd64-019) (gcc version 5.4.2060609 buntu.40-6ubuntu1~.0.12) ) #199-Ubuntu SMP Thu Nov 14 045:04 UTC 19(Ubun 4.4.0-0.19-gener 4.4.2)
[  0.0000] Commanline: BOOT_IMAGE=/boot/vmlinuz-4.4.0-170-generic root=LABEL=cloudimg-rootfs  conso=tty1 console=ttyS0
[    0.000000] KERNEL supported cpus:
[  0.000000] Iteel GenuineIntel
[  0.000000]   AMD AuthenticAMD
[  0.0000]   Centr Cenurauls
[    0.000000] x86/fpu: xstate_offset[2]:  576, xstate_sizes[2]:  256
[    0.000000] x86/fpu: Supporting XSAVE feature 0x01: 'x87 floating point registers'
[    0.000000] x86/fpu: Supporting XSAVE feature 0x02: 'SSE registers'
[    0.000000] x86/fpu: Supporting XSAVE feature 0x04: 'AVX registers'
[    0.000000] x86/fpu: Enabled xstate features 0x7, context size is 832 bytes, using 'standard' format.
[    0.000000] e820: BIOS-provided physical RAM map:
[    0.000000] BIOS-e820: [mem 0x0000000000000000-0x000000000009fbff] usable
[    0.000000] BIOS-e820: [mem 0x000000000009fc00-0x000000000009ffff] reserved
[    0.000000] BIOS-e820: [mem 0x00000000000f0000-0x00000000000fffff] reserved
[    0.000000] BIOS-e820: [mem 0x0000000000100000-0x000000003ffeffff] usable
[    0.000000] BIOS-e820: [mem 0x000000003fff0000-0x000000003fffffff] ACPI data
[    0.000000] BIOS-e820: [mem 0x00000000fec00000-0x00000000fec00fff] reserved
[    0.000000] BIOS-e820: [mem 0x00000000fee00000-0x00000000fee00fff] reserved
[    0.000000] BIOS-e820: [mem 0x00000000fffc0000-0x00000000ffffffff] reserved
[    0.000000] NX (Execute Disable) protection: active
[    0.000000] SMBIOS 2.5 present.
[    0.000000] Hypervisor detected: M
[    0.000000] e820: last_pfn = 0x3fff0 max_arch_pfn = 0x400000000
[    0.000000] MTRR: Disabled
[    0.000000] x86/PAT: MTRRs disabled, skipping PAT initialization too.
[    0.000000] CPU MTRRs all blank - virtualized system.
[    0.000000] x86/PAT: Configuration [0-7]: WB  WT  UC- UC  WB  WT  UC- UC  
[    0.000000] found SMP MP-table at [mem 0x0009fff0-0x0009ffff] mapped at [ffff88000009fff0]
[    0.000000] Scanning 1 areas for low memory corruption
[    0.000000] RAMDISK: [mem 0x362f4000-0x37171fff]
[    0.000000] ACPI: Early table checksum verification disabled
[    0.000000] ACPI: RSDP 0x00000000000E0000 000024 (v02 VBOX  )
[    0.000000] ACPI: XSDT 0x000000003FFF0030 00003C (v01 VBOX   VBOXXSDT 00000001 ASL  00000061)
[    0.000000] ACPI: FACP 0x000000003FFF00F0 0000F4 (v04 VBOX   VBOXFACP 00000001 ASL  00000061)
[    0.000000] PI: DT 0x0000003F0470021FFv02 VBOX   VBOXBIOS 00000002 INTL 20100528)
[  0.0000] AI: FACS x0000003FFF00 0000
[  0.0000] ACPIFACS 000000003FFF00 000040
[  0.000000] ACPI: APIC 0x000000003FFF0240 00005C (v02 VBOX   VBOXAPIC 00000001 ASL  00000061)
[    0.000000] ACPI: SSDT 0x000000003FFF02A0 0001CC (v01 VBOX   VBOXCPUT 00000002 INTL 20100528)
[    0.000000] No NUMA configation found
[    0.000000] Faking a node at [mem 0x0000000000000-0x000000003ffeffff]
[    0.000000] NODE_DATA(0) allocated [mem 0x3ffeb000-0x3ffeffff]
[    0.000000] kvm-clock: Using msrs 4b564d01 and 4b564d00
[    000000] kvm-clock: cpu 0, msr 0:3ffe3001, primary cpu clock
[  0.000000kvm-clock: using sched offset of 3901842811 cycles
[  0.0000] clcksource:kvm-ock: mask: 0xffffffffffffffff max_cycles: 0x1cd42e4dffb, m_idle_: 881590591483 ns
[    0.000000] Zone ranges:
[    0.000000]   DMA      [mem 0x00000000000010-0x00000000ffff]
   0.0000]   DMA32    [mem 0x0000000001000000-0x000000003ffeffff]
[  0.00000]   Normal   empty
[    000000]   Device   empty
[    0.000000] Movable zone start for each node
[    0.000000] Early memory node ranges
[    0.000000]   node   0: [mem 0x0000000000001000-0x000000000009efff]
[    0.000000]   node   0: [mem 0x0000000000100000-0x000000003ffeffff]
[    0.000000] Initmem setup node 0 [mem 0x0000000000001000-0x000000003ffeffff]    0.000000] ACPI: PM-Timer IO Port: 0x4008
[    0.000000] IOAPIC[0]: apic_id 2, version 32, address 0xfec00000, GSI 0-23
[  0.0000 ACPI: INT_SRC_OVR (bus 0 bus_irq 0 global_irq 2 dfl dfl)
[    0.000000] ACPI: INT_SRC_OVR (bus bus_ir9 glol_irq 9 low level)
[  0.0000] Ung AC (MAD for SMconfiratio ifortion
[   0.000000] smpboot: Allowing 2 CPUs, 0 hotplug CPUs
[    .00000] PM: Registered nosave memory: [mem 0x00000000-0x00000fff]
[  0.000000] PM: Registered nosave memory: [mem 0x0009f000-0x0009ffff]
[  0.000000] PM: Registered nosave memory: [mem 0x000a0000-0x000effff]
[    0.000000] PM: Registered nosave memory: [mem 0x000f0000-0x000fffff]
[    0.000000] e820: [mem 0x40000000-0xfebfffff] available for PCI devices
[    0.000000] Booting paravirtualized kernel on KVM
[    0.000000] clocksource: refined-jiffies: mask: 0xffffffff max_cycles: 0xffffffff, max_idle_ns: 7645519600211568 ns
[    0.000000] setup_percpu: NR_CPUS:512 nr_cpumask_bits:512 nr_cpu_ids:2 nr_node_ids:1
[    0.000000] PERCPU: Embedded 33 pages/cpu @ffff88003fc00000 s95448 r8192 d31528 u1048576
[    0.000000] Built 1 zonelists in Node order, mobility grouping on.  Total pages: 257912
[    0.000000] Policy zone: DMA32
[    0.000000] Kernel command line: BOOT_IMAGE=/boot/vmlinuz-4.4.0-170-generic root=LABEL=cloudimg-rootfs ro console=tty1 console=ttyS0
[    0.000000] PID hash table entries: 4096 (order: 3, 32768 bytes)
[    0.000000] Memory: 997716K/1048120K available (8626K kernel code, 1336K rwdata, 4036K rodata, 1488K init, 1288K bss, 50404K reserved, 0K cma-reserved)
[    0.000000] SLUB: HWalign=64, Order=0-3, MinObjects=0, CPUs=2, Nodes=1
[    0.000000] Kernel/User page tables isolation: enabled
[    0.000000] Hierarchical RCU implementation.
[    0.0000000] 	Build-time adjustment of leaf fanout to 64.
[    0.000000] 	RCU restricting CPUs from NR_CPUS=512 to nr_cpu_ids=2.
[    0.000000] RCU: Adjusting geometry for rcu_fanout_leaf=64, nr_cpu_ids=2
[    0.000000] NR_IRQS:33024 nr_irqs:440 16
[    0.000000] Console: colour VGA+ 80x25
[    0.000000] console [tty1] enabled
[    0.000000] console [ttyS0] enabled
[    0.000000] tsc: Detected 2712.000 MHz processor
[    5.279632] Calibrating delay loop (skipped) preset value.. 5424.00 BogoMIPS (lpj=10848000)
[  5.281572] pid_max: default: 32768 minimum: 301
[    5.310016] ACPI: Core revision 20150930
[    5.311896] ACPI: 2 ACPI AML tables successfully acquired and loaded
[    5.313295] Security Framework initialized
[    5.314119] Yama: becoming mindful.
[    5.315136] AppArmor: AppArmor initialized
[    5.316292] Dentry cache hash table entries: 131072 (order: 8, 1048576 bytes)
[    5.323099] Inode-cache hash table entries: 65536 (order: 7, 524288 bytes)
[    5.324659] Mount-cache hash table entries: 2048 (order: 2, 16384 bytes)
[    5.326268] Mountpoint-cache hash table entries: 2048 (order: 2, 16384 bytes)
[    5.354545] Initializing cgroup subsys io
[    5.355449] Initializing cgroup subsys memory
[    5.356366] Initializing cgroup subsys devices
[    5.357363] Initializing cgroup subsys freezer
[    5.385115] Initializing cgroup subsys net_cls
[    5.477037] Initializing cgroup subsys perf_event
[    5.498522] Initializing cgroup subsys net_prio
[    5.514298] Initializing cgroup subsys hugetlb
[    5.517806] Initializing cgroup subsys pids
[    5.539922] mce: CPU supports 0 MCE banks
[    5.593192] Last level iTLB entries: 4KB 64, 2MB 8, 4MB 8
[    5.642315] Last level dTLB entries: 4KB 64, 2MB 0, 4MB 0, 1GB 4
[    5.759986] Spectre V1 : Mitigation: usercopy/swapgs barriers and __user pointer sanitization
[    5.838420] Spectre V2 : Mitigation: Full generic retpoline
[    5.912739] Spectre V2 : Spectre v2 / SpectreRSB mitigation: Filling RSB on context switch
[    5.966709] Speculative Store Bypass: Vulnerable
[    6.032342] MDS: Vulnerable: Clear CPU buffers attempted, no microcode
[    6.085681] Freeing SMP alternatives memory: 36K
[    6.098141] ftrace: allocating 32302 entries in 127 pages
[    6.247218] smpboot: APIC(0) Converting physical 0 to logical package 0
[    6.321635] smpboot: Max logical packages: 1
[    6.323895] x2apic enabled
[    6.334540] Switched APIC routing to physical x2apic.
[    6.338792] ..TIMER: vector=0x30 apic1=0 pin1=2 apic2=-1 pin2=-1
[    6.449397] smpboot: CPU0: Intel(R) Core(TM) i5-7200U CPU @ 2.50GHz (family: 0x6, model: 0x8e, stepping: 0x9)
[    6.537854] Performance Events: unsupported p6 CPU model 142 no PMU driver, software events only.
[    6.566211] KVM setup paravirtual spinlock
[    6.636578] x86: Booting SMP configuration:
[    6.655559] .... node  #0, CPUs:      #1
[    6.715052] kvm-clock: cpu 1, msr 0:3ffe3041, secondary cpu clock
[    6.719010] mce: CPU supports 0 MCE banks
[    6.722034] x86: Booted up 1 node, 2 CPUs
[    6.759658] smpboot: Total of 2 processors activated (10848.00 BogoMIPS)
[    6.789233] devtmpfs: initialized
[    6.805955] evm: security.selinux
[    6.829221] evm: security.SMACK64
[    6.837242] evm: security.SMACK64EXEC
[    6.838298] evm: security.SMACK64TRANSMUTE
[    6.839296] evm: security.SMACK64MMAP
[    6.840206] evm: security.ima
[    6.841095] evm: security.capability
[    6.849051] clocksource: jiffies: mask: 0xffffffff max_cycles: 0xffffffff, max_idle_ns: 7645041785100000 ns
[    6.860305] futex hash table entries: 512 (order: 3, 32768 bytes)
[    6.861742] pinctrl core: initialized pinctrl subsystem
[    6.869417] RTC time: 11:39:40, date: 01/17/20
[    6.870709] NET: Registered protocol family 16
[    6.891205] cpuidle: using governor ladder
[    6.906786] cpuidle: using governor menu
[    6.907690] PCCT header not found.
[    6.908701] ACPI: bus type PCI registered
[    6.909738] acpiphp: ACPI Hot Plug PCI Controller Driver version: 0.5
[    6.911329] PCI: Using configuration type 1 for base access
[    6.928436] ACPI: Added _OSI(Module Device)
[    6.929718] ACPI: Added _OSI(Processor Device)
[    6.930979] ACPI: Added _OSI(3.0 _SCP Extensions)
[    6.932406] ACPI: Added _OSI(Processor Aggregator Device)
[    6.934869] ACPI: Executed 1 blocks of module-level executable AML code
[    6.946806] ACPI: Interpreter enabled
[    6.947904] ACPI: (supports S0 S5)
[    6.955343] ACPI: Using IOAPIC for interrupt routing
[    6.963182] PCI: Using host bridge windows from ACPI; if necessary, use "pci=nocrs" and report a bug
[    6.970704] ACPI: PCI Root Bridge [PCI0] (domain 0000 [bus 00-ff])
[    6.979531] acpi PNP0A03:00: _OSC: OS supports [ASPM ClockPM Segments MSI]
[    6.981139] acpi PNP0A03:00: _OSC: not requesting OS control; OS requires [ExtendedConfig ASPM ClockPM MSI]
[    6.983512] acpi PNP0A03:00: fail to add MMCONFIG information, can't access extended PCI configuration space under this bridge.
[    6.991994] PCI host bridge to bus 0000:00
[    6.992963] pci_bus 0000:00: root bus resource [io  0x0000-0x0cf7 window]
[    6.994462] pci_bus 0000:00: root bus resource [io  0x0d00-0xffff window]
[    6.995738] pci_bus 0000:00: root bus resource [mem 0x000a0000-0x000bffff window]
[    6.997416] pci_bus 0000:00: root bus resource [mem 0x40000000-0xfdffffff window]
[    6.998992] pci_bus 0000:00: root bus resource [bus 00-ff]
[    7.102094] pci 0000:00:01.1: legacy IDE quirk: reg 0x10: [io  0x01f0-0x01f7]
[    7.139498] pci 0000:00:01.1: legacy IDE quirk: reg 0x14: [io  0x03f6]
[    7.192760] pci 0000:00:01.1: legacy IDE quirk: reg 0x18: [io  0x0170-0x0177]
[    7.220745] pci 0000:00:01.1: legacy IDE quirk: reg 0x1c: [io  0x0376]
[    7.367231] pci 0000:00:07.0: quirk: [io  0x4000-0x403f] claimed by PIIX4 ACPI
[    7.424566] pci 0000:00:07.0: quirk: [io  0x4100-0x410f] claimed by PIIX4 SMB
[    7.454918] ACPI: PCI Interrupt Link [LNKA] (IRQs 5 9 10 *11)
[    7.458635] ACPI: PCI Interrupt Link [LNKB] (IRQs 5 9 *10 11)
[    7.462083] ACPI: PCI Interrupt Link [LNKC] (IRQs 5 *9 10 11)
[    7.465387] ACPI: PCI Interrupt Link [LNKD] (IRQs 5 9 10 *11)
[    7.478066] ACPI: Enabled 2 GPEs in block 00 to 07
[    7.487124] vgaarb: setting as boot device: PCI:0000:00:02.0
[    7.489991] vgaarb: device added: PCI:0000:00:02.0,decodes=io+mem,owns=io+mem,locks=none
[    7.494361] vgaarb: loaded
[    7.495889] vgaarb: bridge control possible 0000:00:02.0
[    7.498032] SCSI subsystem initialized
[    7.507706] ACPI: bus type USB registered
[    7.508807] usbcore: registered new interface driver usbfs
[    7.522645] usbcore: registered new interface driver hub
[    7.523842] usbcore: registered new device driver usb
[    7.525347] PCI: Using ACPI for IRQ routing
[    7.526680] NetLabel: Initializing
[    7.533770] NetLabel:  domain hash size = 128
[    7.540400] NetLabel:  protocols = UNLABELED CIPSOv4
[    7.545390] NetLabel:  unlabeled traffic allowed by default
[    7.610653] amd_nb: Cannot enumerate AMD northbridges
[    7.641652] clocksource: Switched to clocksource kvm-clock
[    6920] pAorAppAmor FesteEnle
[  8502] pnp: PnP CPinit
[  8.50] p:nP ACPI: found 3 dvis
[    9.245114] clocksource: acpi_pm: mask: 0xffffff max_cycles: 0xffffff, max_idle_ns: 2085701024 ns
[    9.347172] NET: Registered protocol family 2
[    9.397617] TCP established hash table entries: 8192 (order: 4, 65536 bytes)
[    9.407719] TCP bind hash table entries: 8192 (order: 5, 131072 bytes)
[    9.440028] TCP: Hash tables configured (established 8192 bind 8192)
[    9.490764] UDP hash table entries: 512 (order: 2, 16384 bytes)
[    9.521737] UDP-Lite hash table entries: 512 (order: 2, 16384 bytes)
[    9.536979] NET: Registered protocol family 1
[    9.568023] pci 0000:00:00.0: Limiting direct PCI/PCI transfers
[    9.619155] pci 0000:00:01.0: Activating ISA DMA hang workarounds
[    9.649763] Unpacking initramfs...
[   10.062753] Freeing initrd memory: 14840K
[   10.105167] clocksource: tsc: mask: 0xffffffffffffffff max_cycles: 0x2717868ea45, max_idle_ns: 440795316085 ns
[   10.159509] platform rtc_cmos: registered platform RTC device (no PNP device found)
[   10.245363] Scanning for low memory corruption every 60 seconds
[   10.280696] audit: initializing netlink subsys (disabled)
[   10.356048] audit: type=2000 audit(1579261182.868:1): initialized
[   10.418844] Initialise system trusted keyring
[   10.447696] HugeTLB registered 2 MB page size, pre-allocated 0 pages
[   10.52987zb: aded

[   10.776589] VFS: Disk quotas dquot_6.6.0
[   10.777686] VFS: Dquot-cache hash table entries: 512 (order 0, 4096 bytes)
[   10.779675] squashfs: version 4.0 (2009/01/31) Phillip Lougher
[   10.781338] fuse init (API version 7.23)
[   10.782574] Key type big_key registered
[  0.769 Aocting IA MOK and blacklist keyrings.
[   11.181695] Key type asymmetric registered
[   11.202479] Asymmetric key parser 'x509' registered
[   11.218474] Block layer SCSI generic (bsg) driver version 0.4 loaded (major 249)
[   11.303436] io scheduler noop registered
[   11.352586] io scheduler deadline registered (default)
[   11.382979] io scheduler cfq registered
[   11.403905] pci_hotplug: PCI Hot Plug PCI Core version: 0.5
[   11.431375] pciehp: PCI Express Hot Plug Controller Driver version: 0.4
[   11.471809] ACPI: AC Adapter [AC] (off-line)
[   11.475390] input: Power Button as /devices/LNXSYSTM:00/LNXPWRBN:00/input/input0
[   11.499562] ACPI: Power Button [PWRF]
[   11.538969] input: Sleep Button as /devices/LNXSYSTM:00/LNXSLPBN:00/input/input1
[   11.544586] ACPI: Sleep Button [SLPF]
[   11.546529] GHES: HEST is not enabled!
[   11.548754] ACPI: Battery Slot [BAT0] (battery present)
[   11.550771] Serial: 8250/16550 driver, 32 ports, IRQ sharing enabled
[   11.576297] 00:02: ttyS0 at I/O 0x3f8 (irq = 4, base_baud = 115200) is a 16550A
[   11.586292] Linux agpgart interface v0.103
[   11.590605] loop: module loaded
[   11.592635] scsi host0: ata_piix
[   11.594215] scsi host1: ata_piix
[   11.636239] ata1: PATA max UDMA/33 cmd 0x1f0 ctl 0x3f6 bmdma 0xd000 irq 14
[   11.725186] ata2: PATA max UDMA/33 cmd 0x170 ctl x3 bmdma 0xd008 irq 15

[   11.824655] libphy: Fixed MDIO Bus: probed
[   11.832487tu Universal TN/P device driver, 1.

[   12.155070] tun: (C) 1999-2004 Max Krasnyansky <maxk@qualcomm.com>
[   12.214852] PPP generic driver version 2.4.2
[   12.222907] ehci_hcd: USB 2.0 'Enhanced' Host Controller (EHCI) Driver
[   12.294322] ehci-pci: EHCI PCI platform driver
[   12.302913] ehci-platform: EHCI generic platform driver
[   12.363648] ohci_hcd: USB 1.1 'Open' Host Controller (OHCI) Driver
[   12.409681] ohci-pci: OHCI PCI platform driver
[   12.442713] ohci-platform: OHCI generic platform driver
[   12.507699] uhci_hcd: USB Universal Host Controller Interface driver
[   12.538484] i8042: PNP: PS/2 Controller [PNP0303:PS2K,PNP0f03:PS2M] at 0x60,0x64 irq 1,12
[   12.667758] serio: i8042 KBD port at 0x60,0x64 irq 1
[   12.677801] serio: i8042 AUX port at 0x60,0x64 irq 12
[   12.728268] mousedev: PS/2 mouse device common for all mice
[   12.755622] rtc_cmos rtc_cmos: rtc core: registered rtc_cmos as rtc0
[   12.786603] rtc_cmos rtc_cmos: alarms up to one day, 114 bytes nvram
[   12.894870] i2c /dev entries driver
[   12.896682] input: AT Translated Set 2 keyboard as /devices/platform/i8042/serio0/input/input2
[   12.900639] device-mapper: uevent: version 1.0.3
[   12.909738] device-mapper: ioctl: 4.34.0-ioctl (2015-10-28) initialised: dm-devel@redhat.com
[   12.913329] ledtrig-cpu: registered to indicate activity on CPUs
[   12.916797] NET: Registered protocol family 10
[   12.925980] NET: Registered protocol family 17
[   12.928456] Key type dns_resolver registered
[   12.931569] registered taskstats version 1
[   12.933491] Loading compiled-in X.509 certificates
[   12.936831] Loaded X.509 cert 'Build time autogenerated kernel key: f0e56e97f406068ace47a9bf54316e9855aaaa43'
[   12.941518] zswap: loaded using pool lzo/zbud
[   12.947267] Key type trusted registered
[   12.976526] Key type encrypted registered
[   12.997403] AppArmor: AppArmor sha1 policy hashing enabled
[   12.999545] ima: No TPM chip found, activating TPM-bypass!
[   13.008054] ima: Allocated hash algorithm: sha1
[   13.017116] evm: HMAC attrs: 0x1
[ 13.019466]  Magic number: 4:544:681
[   13.165430] rtc_cmos rtc_cmos: setting system clock to 2020-01-17 11:39:47 UTC (1579261187)
[   13.169667] BIOS EDD facility v0.16 2004-Jun-25, 0 devicefound
[   13.243412] EDD information not available.
 [   13.245834] Freeing unused kernel memory: 1488K
[   13.246952] Write protecting the kernel read-only data: 14336k
[   13.255078] Freeing unused kernel memory: 1604K
[   13.256546] Freeing unused kernel memory: 60K
Loading, please wait...
starting version 229
[   13.272803] random: systemd-udevd: uninitialized urandom read (16 bytes read, 5 bits of entropy available)
[   13.273359] random: udevadm: uninitialized urandom read (16 bytes read, 5 bits of entropy available)
[   13.273375] random: udevadm: uninitialized urandom read (16 bytes read, 5 bits of entropy available)
[   13.282442] random: udevadm: uninitialized urandom read (16 bytes read, 5 bits of entropy available)
[   13.282481] random: udevadm: uninitialized urandom read (16 bytes read, 5 bits of entropy available)
[   13.282594] random: udevadm: uninitialized urandom read (16 bytes read, 5 bits of entropy available)
[   13.282635] random: udevadm: uninitialized urandom read (16 bytes read, 5 bits of entropy available)
[   13.282676] random: udevadm: uninitialized urandom read (16 bytes read, 5 bits of entropy available)
[   13.282716] random: udevadm: uninitialized urandom read (16 bytes read, 5 bits of entropy available)
[   13.282755] random: udevadm: uninitialized urandom read (16 bytes read, 5 bits of entropy available)
[   13.432174] Fusion MPT base driver 3.04.20
[   13.433240] Copyright (c) 1999-2008 LSI Corporation
[   13.435060] e1000: Intel(R) PRO/1000 Network Driver - version 7.3.21-k8-NAPI
[   13.436566] e1000: Copyright (c) 1999-2006 Intel Corporation.
[   13.462422] AVX2 version of gcm_enc/dec engaged.
[   13.463555] AES CTR mode by8 optimization enabled
[   13.466370] Fusion MPT SPI Host driver 3.04.20
[   13.681117] input: ImExPS/2 Generic Explorer Mouse as /devices/platform/i8042/serio1/input/input4
[   13.862860] e1000 0000:00:03.0 eth0: (PCI:33MHz:32-bit) 02:4f:25:6a:cc:77
[   13.891143] e1000 0000:00:03.0 eth0: Intel(R) PRO/1000 Network Connection
[   13.933406] mptbase: ioc0: Initiating bringup
[   14.102825] ioc0: LSI53C1030 A0: Capabilities={Initiator}
[   15.189082] scsi host2: ioc0: LSI53C1030 A0, FwRev=00000000h, Ports=1, MaxQ=256, IRQ=20
[   15.867292] scsi 2:0:0:0: Direct-Access     VBOX     HARDDISK         1.0  PQ: 0 ANSI: 5
[   15.900385] scsi target2:0:0: Beginning Domain Validation
[   15.905871] scsi target2:0:0: Domain Validation skipping write tests
[   15.908374] scsi target2:0:0: Ending Domain Validation
[   15.910598] scsi target2:0:0: asynchronous
[   15.914046] scsi 2:0:1:0: Direct-Access     VBOX     HARDDISK         1.0  PQ: 0 ANSI: 5
[   15.917506] scsi target2:0:1: Beginning Domain Validation
[   15.922823] scsi target2:0:1: Domain Validation skipping write tests
[   15.925371] scsi target2:0:1: Ending Domain Validation
[   15.927599] scsi target2:0:1: asynchronous
[   15.946951] sd 2:0:0:0: Attached scsi generic sg0 type 0
[   15.947084] sd 2:0:0:0: [sda] 20971520 512-byte logical blocks: (10.7 GB/10.0 GiB)
[   15.947412] sd 2:0:0:0: [sda] Write Protect is off
[   15.947620] sd 2:0:0:0: [sda] Incomplete mode parameter data
[   15.947623] sd 2:0:0:0: [sda] Assuming drive cache: write through
[   15.992627] sd 2:0:1:0: Attached scsi generic sg1 type 0
[   15.994124] sd 2:0:1:0: [sdb] 20480 512-byte logical blocks: (10.5 MB/10.0 MiB)
[   15.996274] sd 2:0:1:0: [sdb] Write Protect is off
[   15.997695] sd 2:0:1:0: [sdb] Incomplete mode parameter data
[   16.000397]  sda: sda1
[   16.006776] sd 2:0:1:0: [sdb] Assuming drive cache: write through
[   16.011168] sd 2:0:0:0: [sda] Attached SCSI disk
[   16.014345] sd 2:0:1:0: [sdb] Attached SCSI disk
[   17.119832] e1000 0000:00:08.0 eth1: (PCI:33MHz:32-bit) 08:00:27:2e:cc:59
[   17.122866] e1000 0000:00:08.0 eth1: Intel(R) PRO/1000 Network Connection
[   17.157846] e1000 0000:00:03.0 enp0s3: renamed from eth0
[   17.170391] e1000 0000:00:08.0 enp0s8: renamed from eth1
Begin: Loading e[   18.801556] md: linear personality registered for level -1
ssential drivers ... [   18.808226] md: multipath personality registered for level -4
[   18.815232] md: raid0 personality registered for level 0
[   18.823921] md: raid1 personality registered for level 1
[   18.897942] raid6: sse2x1   gen()  6142 MB/s
[   19.034040] raid6: sse2x1   xor()  4209 MB/s
[   19.138497] raid6: sse2x2   gen()  8200 MB/s
[   19.218132] raid6: sse2x2   xor()  4822 MB/s
[   19.298125] raid6: sse2x4   gen() 10136 MB/s
[   19.365769] raid6: sse2x4   xor()  5760 MB/s
[   19.470138] raid6: avx2x1   gen() 12539 MB/s
[   19.601785] raid6: avx2x2   gen() 14522 MB/s
[   19.777920] raid6: avx2x4   gen() 18198 MB/s
[   19.778988] raid6: using algorithm avx2x4 gen() 18198 MB/s
[   19.787472] raid6: using avx2x2 recovery algorithm
[   19.790286] xor: automatically using best checksumming function:
[   19.845756]    avx       : 23935.000 MB/sec
[   19.862491] async_tx: api initialized (async)
[   19.878047] md: raid6 personality registered for level 6
[   19.893989] md: raid5 personality registered for level 5
[   19.915099] md: raid4 personality registered for level 4
[   19.976822] md: raid10 personality registered for level 10
done.
Begin: Running /scripts/init-premount ... done.
Begin: Mounting root file system ... Begin: Running /scripts/local-top ... done.
Begin: Running /scripts/local-premount ... [   20.024576] Btrfs loaded
Scanning for Btrfs filesystems
done.
Warning: fsck no[   20.073106] EXT4-fs (sda1): mounted filesystem with ordered data mode. Opts: (null)
t present, so skipping root file system
done.
Begin: Running /scripts/local-bottom ... done.
Begin: Running /scripts/init-bottom ... done.
[   20.336135] systemd[1]: systemd 229 running in system mode. (+PAM +AUDIT +SELINUX +IMA +APPARMOR +SMACK +SYSVINIT +UTMP +LIBCRYPTSETUP +GCRYPT +GNUTLS +ACL +XZ -LZ4 +SECCOMP +BLKID +ELFUTILS +KMOD -IDN)
[   20.486941] systemd[1]: Detected virtualization oracle.
[   20.509289] systemd[1]: Detected architecture x86-64.

Welcome to [1mUbuntu 16.04.6 LTS[0m!

[   20.546360] systemd[1]: Set hostname to <ubuntu>.
[   20.593756] systemd[1]: Initializing machine ID from random generator.
[   20.618477] systemd[1]: Installed transient /etc/machine-id file.
[   20.943609] systemd[1]: Reached target Encrypted Volumes.
[[0;32m  OK  [0m] Reached target Encrypted Volumes.
[   20.954370] systemd[1]: Reached target System Time Synchronized.
[[0;32m  OK  [0m] Reached target System Time Synchronized.
[   21.022955] systemd[1]: Started Trigger resolvconf update for networkd DNS.
[[0;32m  OK  [0m] Started Trigger resolvconf update for networkd DNS.
[   21.139264] systemd[1]: Created slice System Slice.
[[0;32m  OK  [0m] Created slice System Slice.
[   21.284279] systemd[1]: Listening on /dev/initctl Compatibility Named Pipe.
[[0;32m  OK  [0m] Listening on /dev/initctl Compatibility Named Pipe.
[   21.335345] systemd[1]: Set up automount Arbitrary Executable File Formats File System Automount Point.
[[0;32m  OK  [0m] Set up automount Arbitrary Executab...ats File System Automount Point.
[   21.474664] systemd[1]: Listening on Journal Socket.
[[0;32m  OK  [0m] Listening on Journal Socket.
[   21.582375] systemd[1]: Starting Nameserver information manager...
         Starting Nameserver information manager...
[   21.646922] systemd[1]: Starting Create list of required static device nodes for the current kernel...
[   21.653144] random: nonblocking pool is initialized
         Starting Create list of required st... nodes for the current kernel...
[   21.698641] systemd[1]: Starting Remount Root and Kernel File Systems...
[   21.709311] EXT4-fs (sda1): re-mounted. Opts: (null)
         Starting Remount Root and Kernel File Systems...
[   21.738138] systemd[1]: Listening on Journal Socket (/dev/log).
[[0;32m  OK  [0m] Listening on Journal Socket (/dev/log).
[   21.842116] systemd[1]: Starting Load Kernel Modules...
         Starting Load Kernel Modules...
[   21.847968] systemd[1]: Reached target Swap.
[   21.870178] Loading iSCSI transport class v2.0-870.
[[0;32m  OK  [0m] Reached target Swap.
[   21.885718] iscsi: registered transport (tcp)
[   21.885783] systemd[1]: Reached target User and Group Name Lookups.
[[0;32m  OK  [0m] Reached target User and Group Name Lookups.
[   21.978240] systemd[1]: Starting Uncomplicated firewall...
[   21.981282] iscsi: registered trnsport (iser)

         Starting Uncomplicated firewall...
[   22.073908] systemd[1]: Mounting POSIX Message Queue File System...
         Mounting POSIX Message Queue File System...
[   22.081286] systemd[1]: Listening on Journal Audit Socket.
[[0;32m  OK  [0m] Listening on Journal Audit Socket.
[   22.091110] systemd[1]: Listening on udev Control Socket.
[[0;32m  OK  [0m] Listening on udev Control Socket.
[   22.099555] systemd[1]: Listening on LVM2 metadata daemon socket.
[[0;32m  OK  [0m] Listening on LVM2 metadata daemon socket.
[   22.115887] systemd[1]: Started Forward Password Requests to Wall Directory Watch.
[[0;32m  OK  [0m] Started Forward Password Requests to Wall Directory Watch.
[   22.146323] systemd[1]: Mounting Debug File System...
         Mounting Debug File System...
[   22.218461] systemd[1]: Starting Set console keymap...
         Starting Set console keymap...
[   22.263276] systemd[1]: Listening on Syslog Socket.
[[0;32m  OK  [0m] Listening on Syslog Socket.
[   22.313955] systemd[1]: Starting Journal Service...
         Starting Journal Service...
[   22.378518] systemd[1]: Mounting Huge Pages File System...
         Mounting Huge Pages File System...
[   2.420] systmd[1]: Listening on udev Kernel Socket.
[[0;32m  OK  [0m] Listening on udev Kernel Socket.
[   22.673226] stemd[1]: Created slice User and Session Slice.
[[0;32m  OK  [0m] Created slice User and Session Slice.
[  22846010] ysemd[1]: Reached target Slices.
[[0;32m  OK  [0m] Reached target Slices.
[   23.04264] systemd[1]: Listening on Device-mapper event daemon FIFOs.
[[0;32m  OK  [0m] Listening on Device-mapper event daemon FIFOs.
[   23.190114] systemd[1]: Starting Monitoring of LVM2 mirrors, snapshots etc. using dmeventd or progress polling...
         Starting Monitoring of LVM2 mirrors... dmeventd or progress polling...
[   23.216528] systemd[1]: Listening on LVM2 poll daemon socket.
[[0;32m  OK  [0m] Listening on LVM2 poll daemon socket.
[   23.234493] systemd[1]: Created slice system-serial\x2dgetty.slice.
[[0;32m  OK  [0m] Created slice system-serial\x2dgetty.slice.
[   23.318644] systemd[1]: Mounted Debug File System.
[[0;32m  OK  [0m] Mounted Debug File System.
[   233402syem1]MoteHu Pag Fe System

[[0;32m  OK  [0m] Mounted Huge Pages File System.
[ 2406597] systemd[1]: Mounted POSIX Message Queue File System.
[[0;32m  OK  [0m] Mounted POSIX Message Queue File System. 
[   24.334257] systemd[1]: Started Journal Service.
[[0;32m  OK  [0m] Started Journal Service.
[[0;32m  OK  [0m] Started Create list of required sta...ce nodes for the current kernel.
[[0;32m  OK  [0m] Started Remount Root and Kernel File Systems.
[[0;32m  OK  [0m] Started Load Kernel Modules.
[[0;32m  OK  [0m] Started Uncomplicated firewall.
[[0;32m  OK  [0m] Started Set console keymap.
[[0;32m  OK  [0m] Started Nameserver information manager.
[[0;32m  OK  [0m] Started LVM2 metadata daemon.
         Starting Apply Kernel Variables...
         Mounting FUSE Control File System...
         Starting udev Coldplug all Devices...
         Starting Load/Save Random Seed...
         Starting Create Static Device Nodes in /dev...
         Starting Flush Journal to Persistent Storage...
[[0;32m  OK  [0m] Mounted FUSE Control File System.
[[0;32m  OK  [0m] Started Monitoring of LVM2 mirrors,...ng dmeventd or progress polling.
[[0;32m  OK  [0m] Started Apply Kernel Variables.
[[0;32m  OK  [0m] Started Load/Save Random Seed.
[[0;32m  OK  [0m] Started Create Static Device Nodes in /dev.
[[0;32m  OK  [0m] Started udev Coldplug all Devices.
[[0;32m  OK  [0m] Started Flush Journal to Persistent Storage.
         Starting udev Kernel Device Manager...
[[0;32m  OK  [0m] Reached target Local File Systems (Pre).
[[0;32m  OK  [0m] Reached target Local File Systems.
         Starting Set console font and keymap...
         Starting LSB: AppArmor initialization...
         Starting Tell Plymouth To Write Out Runtime Data...
         Starting Commit a transient machine-id on disk...
         Starting Create Volatile Files and Directories...
         Starting Initial cloud-init job (pre-networking)...
[[0;32m  OK  [0m] Started udev Kernel Device Manager.
[[0;32m  OK  [0m] Started Tell Plymouth To Write Out Runtime Data.
[[0;32m  OK  [0m] Started Commit a transient machine-id on disk.
[[0;32m  OK  [0m] Started Create Volatile Files and Directories.
         Starting Update UTMP about System Boot/Shutdown...
[[0;32m  OK  [0m] Started Dispatch Password Requests to Console Directory Watch.
[[0;32m  OK  [0m] Started Update UTMP about System Boot/Shutdown.
[[0;32m  OK  [0m] Found device /dev/ttyS0.
[[0;32m  OK  [0m] Listening on Load/Save RF Kill Switch Status /dev/rfkill Watch.
[   19.970315] [[0;32m  OK  [0m] Started LSB: AppArmor initialization.
cloud-init[497]: Cloud-init v. 19.2-36-g059d049c-0ubuntu2~16.04.1 running 'init-local' at Fri, 17 Jan 2020 11:40:00 +0000. Up 19.42 seconds.
[[0;32m  OK  [0m] Started Set console font and keymap.
[[0;32m  OK  [0m] Started Initial cloud-init job (pre-networking).
[[0;32m  OK  [0m] Reached target Network (Pre).
[[0;32m  OK  [0m] Created slice system-getty.slice.
         Starting Raise network interfaces...
[[0;32m  OK  [0m] Started Raise network interfaces.
[[0;32m  OK  [0m] Reached target Network.
         Starting Initial cloud-init job (metadata service crawler)...
[   22.360963] cloud-init[958]: Cloud-init v. 19.2-36-g059d049c-0ubuntu2~16.04.1 running 'init' at Fri, 17 Jan 2020 11:40:02 +0000. Up 21.46 seconds.
[   22.380250] cloud-init[958]: ci-info: ++++++++++++++++++++++++++++++++++++++Net device info+++++++++++++++++++++++++++++++++++++++
[   22.383364] cloud-init[958]: ci-info: +--------+-------+----------------------------+---------------+--------+-------------------+
[   22.424342] cloud-init[958]: ci-info: | Device |   Up  |          Address           |      Mask     | Scope  |     Hw-Address    |
[   22.424574] cloud-init[958]: ci-info: +--------+-------+----------------------------+---------------+--------+-------------------+
[   22.424748] cloud-init[958]: ci-info: | enp0s3 |  True |         10.0.2.15          | 255.255.255.0 | global | 02:4f:25:6a:cc:77 |
[   22.424929] cloud-init[958]: ci-info: | enp0s3 |  True | fe80::4f:25ff:fe6a:cc77/64 |       .       |  link  | 02:4f:25:6a:cc:77 |
[[0;32m  OK  [0m] Started Initial cloud-init job (metadata service crawler).
[   22.425153] cloud-init[958]: ci-info: | enp0s8 | False |             .              |       .       |   .    | 08:00:27:2e:cc:59 |
[   22.434685] cloud-init[958]: ci-info: |   lo   |  True |         127.0.0.1          |   255.0.0.0   |  host  |         .         |
[   22.436360] cloud-init[958]: ci-info: |   lo   |  True |          ::1/128           |       .       |  host  |         .         |
[[0;32m  OK  [0m] Reached target Cloud-config availability.
[[0;32m  OK  [0m] Reached target System Initialization.
[[0;32m  OK  [0m] Started Daily apt download activities.
[   22.452055] cloud-init[958]: ci-info: +--------+-------+----------------------------+---------------+--------+-------------------+
[   22.492619] cloud-init[958]: ci-info: +++++++++++++++++++++++++++Route IPv4 info++++++++++++++++++++++++++++
[   22.492943] cloud-init[958]: ci-info: +-------+-------------+----------+---------------+-----------+-------+
[   22.493129] cloud-init[958]: ci-info: | Route | Destination | Gateway  |    Genmask    | Interface | Flags |
[   22.493319] cloud-init[958]: ci-info: +-------+-------------+----------+---------------+-----------+-------+
[   22.493498] cloud-init[958]: ci-info: |   0   |   0.0.0.0   | 10.0.2.2 |    0.0.0.0    |   enp0s3  |   UG  |
[   22.493675] cloud-init[958]: ci-info: |   1   |   10.0.2.0  | 0.0.0.0  | 255.255.255.0 |   enp0s3  |   U   |
[   22.493862] cloud-init[958]: ci-info: +-------+-------------+----------+---------------+-----------+-------+
[   22.494068] cloud-init[958]: ci-info: +++++++++++++++++++Route IPv6 info+++++++++++++++++++
[   22.494245] cloud-init[958]: ci-info: +-------+-------------+---------+-----------+-------+
[   22.494459] cloud-init[958]: ci-info: | Route | Destination | Gateway | Interface | Flags |
[   22.494630] cloud-init[958]: ci-info: +-------+-------------+---------+-----------+-------+
[   22.494863] cloud-init[958]: ci-info: |   0   |  fe80::/64  |    ::   |   enp0s3  |   U   |
[   22.495067] cloud-init[958]: ci-info: |   3   |   ff00::/8  |    ::   |   enp0s3  |   U   |
[   22.495240] cloud-init[958]: ci-info: +-------+-------------+---------+-----------+-------+
         Starting LXD - unix socket.
[   22.495435] cloud-init[958]: Generating public/private rsa key pair.
[   22.539371] cloud-init[958]: Your identification has been saved in /etc/ssh/ssh_host_rsa_key.
[   22.547241] cloud-init[958]: Your public key has been saved in /etc/ssh/ssh_host_rsa_key.pub.
[   22.547551] cloud-init[958]: The key fingerprint is:
[   22.547726] cloud-init[958]: SHA256:5Us50OfctiOYHjgnGFfWVOAnQAhOVvX9A0HDWzFkZ5I root@ubuntu-xenial
[[0;32m  OK  [0m] Started ACPI Events Check.
[   22.547902] cloud-init[958]: The key's randomart image is:
[   22.667515] cloud-init[958]: +---[RSA 2048]----+
[   22.667728] cloud-init[958]: |      +o.++ =*+*+|
[   22.667895] cloud-init[958]: |     +  .. * oE+o|
[   22.668299] cloud-init[958]: |      . . = *.=  |
[   22.668497] cloud-init[958]: |         * = =.. |
[   22.668669] cloud-init[958]: |      . S = o o..|
[   22.668846] cloud-init[958]: |       + o = . ..|
[   22.669400] cloud-init[958]: |      . + * . o  |
[   22.669538] cloud-init[958]: |         = . . . |
[   22.669701] cloud-init[958]: |          .      |
[   22.669858] cloud-init[958]: +----[SHA256]-----+
[   22.670194] cloud-init[958]: Generating public/private dsa key pair.
[   22.670343] cloud-init[958]: Your identification has been saved in /etc/ssh/ssh_host_dsa_key.
[   22.670509] cloud-init[958]: Your public key has been saved in /etc/ssh/ssh_host_dsa_key.pub.
[   22.670661] cloud-init[958]: The key fingerprint is:
[   22.670821] cloud-init[958]: SHA256:ng9/KZMVELMsyToSFPUoq99voAf9Wpx+kLwoPH0NpQU root@ubuntu-xenial
[   22.671162] cloud-init[958]: The key's randomart image is:
[   22.671310] cloud-init[958]: +---[DSA 1024]----+
[   22.671471] cloud-init[958]: |    oo.   o.     |
[   22.671826] cloud-init[958]: |   .   +Eo.o     |
[   22.672312] cloud-init[958]: |    o . =.o.     |
[   22.672466] cloud-init[958]: |     + . .o .    |
[[0;32m  OK  [0m] Reached target Paths.
[   22.672681] cloud-init[958]: |    o.o.S=   .   |
[   22.811147] cloud-init[958]: |   ...o+*o  .    |
[   22.811315] cloud-init[958]: |  .. + +B= o .   |
[   22.811556] cloud-init[958]: |   .=.+o=+* o    |
[[0;32m  OK  [0m] Listening on UUID daemon activation socket.
[   22.811675] cloud-init[958]: |    .+o=o.o+     |
[   22.842990] cloud-init[958]: +----[SHA256]-----+
[   22.843321] cloud-init[958]: Generating public/private ecdsa key pair.
[   22.843626] cloud-init[958]: Your identification has been saved in /etc/ssh/ssh_host_ecdsa_key.
[   22.844349] cloud-init[958]: Your public key has been saved in /etc/ssh/ssh_host_ecdsa_key.pub.
[   22.844474] cloud-init[958]: The key fingerprint is:
[   22.844646] cloud-init[958]: SHA256:Due2PGNNWcrx3d0fZzd9HO38BMo6vY/r2InXf5THIbY root@ubuntu-xenial
[   22.844987] cloud-init[958]: The key's randomart image is:
[   22.845138] cloud-init[958]: +---[ECDSA 256]---+
[   22.845295] cloud-init[958]: |                 |
[   22.845518] cloud-init[958]: |                 |
[   22.845856] cloud-init[958]: |                .|
[   22.845998] cloud-init[958]: |          . .o.o.|
[   22.846156] cloud-init[958]: |      . S. B.ooBB|
[   22.846316] cloud-init[958]: |       =  = +E.+^|
[   22.846481] cloud-init[958]: |        +o o . +X|
[   22.846672] cloud-init[958]: |       o+.++oo. +|
[   22.846811] cloud-init[958]: |       .ooo+B+..o|
[   22.846970] cloud-init[958]: +----[SHA256]-----+
[   22.847128] cloud-init[958]: Generating public/private ed25519 key pair.
[   22.847289] cloud-init[958]: Your identification has been saved in /etc/ssh/ssh_host_ed25519_key.
[   22.847635] cloud-init[958]: Your public key has been saved in /etc/ssh/ssh_host_ed25519_key.pub.
[   22.847794] cloud-init[958]: The key fingerprint is:
[   22.847957] cloud-init[958]: SHA256:0fhBpKVrr8W9CLJsLXLKvo4ZRh0Bm9lOkuX8e0Geq5M root@ubuntu-xenial
[   22.848299] cloud-init[958]: The key's randomart image is:
[   22.848446] cloud-init[958]: +--[ED25519 256]--+
[   22.848799] cloud-init[958]: |  ..o    .+      |
[   22.848954] cloud-init[958]: |   X .   B       |
[   22.849369] cloud-init[958]: |  * *   * o      |
[   22.849518] cloud-init[958]: |   = o o = .     |
[[0;32m  OK  [0m] Started Daily apt upgrade and clean activities.
[   22.849774] cloud-init[958]: |  . o . S .      |
[   22.922432] cloud-init[958]: | .     o = .     |
[   22.922711] cloud-init[958]: |  o   oo+ + .    |
[   22.923099] cloud-init[958]: | . =..E=.+ . .   |
[   22.923329] cloud-init[958]: |  oo**+o. . .    |
[   22.923511] cloud-init[958]: +----[SHA256]-----+
[[0;32m  OK  [0m] Listening on ACPID Listen Socket.
[[0;32m  OK  [0m] Started Daily Cleanup of Temporary Directories.
[[0;32m  OK  [0m] Listening on D-Bus System Message Bus Socket.
[[0;32m  OK  [0m] Started Message of the Day.
[[0;32m  OK  [0m] Reached target Timers.
         Starting Socket activation for snappy daemon.
[[0;32m  OK  [0m] Reached target Network is Online.
         Starting iSCSI initiator daemon (iscsid)...
[[0;32m  OK  [0m] Listening on LXD - unix socket.
[[0;32m  OK  [0m] Listening on Socket activation for snappy daemon.
[[0;32m  OK  [0m] Started iSCSI initiator daemon (iscsid).
         Starting Login to default iSCSI targets...
[[0;32m  OK  [0m] Reached target Sockets.
[[0;32m  OK  [0m] Reached target Basic System.
[[0;32m  OK  [0m] Started D-Bus System Message Bus.
         Starting LSB: Record successful boot for GRUB...
[[0;32m  OK  [0m] Started ACPI event daemon.
         Starting Login Service...
         Starting LXD - container startup/shutdown...
         Starting /etc/rc.local Compatibility...
         Starting LSB: MD monitoring daemon...
[[0;32m  OK  [0m] Started Regular background program processing daemon.
[[0;32m  OK  [0m] Started Deferred execution scheduler.
         Starting Virtualbox guest utils...
[[0;32m  OK  [0m] Started FUSE filesystem for LXC.
         Starting Accounts Service...
         Starting System Logging Service...
         Starting Snappy daemon...
         Starting Pollinate to seed the pseudo random number generator...
[[0;32m  OK  [0m] Started System Logging Service.
[[0;32m  OK  [0m] Started LXD - container startup/shutdown.
[[0;32m  OK  [0m] Started /etc/rc.local Compatibility.
[[0;32m  OK  [0m] Started LSB: Record successful boot for GRUB.
[[0;32m  OK  [0m] Started Login to default iSCSI targets.
[[0;32m  OK  [0m] Started LSB: MD monitoring daemon.
[[0;32m  OK  [0m] Started Login Service.
[[0;32m  OK  [0m] Started Unattended Upgrades Shutdown.
         Starting Authenticate and Authorize Users to Run Privileged Tasks...
[[0;32m  OK  [0m] Reached target Remote File Systems (Pre).
[[0;32m  OK  [0m] Reached target Remote File Systems.
         Starting LSB: Set the CPU Frequency Scaling governor to "ondemand"...
         Starting LSB: daemon to balance interrupts for SMP systems...
         Starting Permit User Sessions...
         Starting LSB: automatic crash report generation...
[[0;32m  OK  [0m] Started Snappy daemon.
[[0;32m  OK  [0m] Started Virtualbox guest utils.
[[0;32m  OK  [0m] Started Pollinate to seed the pseudo random number generator.
[[0;32m  OK  [0m] Started Permit User Sessions.
[[0;32m  OK  [0m] Started Authenticate and Authorize Users to Run Privileged Tasks.
[[0;32m  OK  [0m] Started Accounts Service.
[[0;32m  OK  [0m] Started LSB: Set the CPU Frequency Scaling governor to "ondemand".
         Starting Terminate Plymouth Boot Screen...
         Starting Hold until boot process finishes up...
         Starting OpenBSD Secure Shell server...
         Starting Wait until snapd is fully seeded...
[[0;32m  OK  [0m] Started LSB: daemon to balance interrupts for SMP systems.
[[0;32m  OK  [0m] Started LSB: automatic crash report generation.
[[0;32m  OK  [0m] Started Terminate Plymouth Boot Screen.
[[0;32m  OK  [0m] Started Hold until boot process finishes up.
[[0;32m  OK  [0m] Started OpenBSD Secure Shell server.
         Starting Set console scheme...
[[0;32m  OK  [0m] Started Serial Getty on ttyS0.
[[0;32m  OK  [0m] Started Getty on tty1.
[[0;32m  OK  [0m] Reached target Login Prompts.
[[0;32m  OK  [0m] Started Set console scheme.
[[0;32m  OK  [0m] Created slice User Slice of vagrant.
         Starting User Manager for UID 1000...
[[0;32m  OK  [0m] Started Session 1 of user vagrant.
[[0;32m  OK  [0m] Started User Manager for UID 1000.
[[0;32m  OK  [0m] Started Wait until snapd is fully seeded.
         Starting Apply the settings specified in cloud-config...
[[0;32m  OK  [0m] Reached target Multi-User System.
[[0;32m  OK  [0m] Reached target Graphical Interface.
         Starting Update UTMP about System Runlevel Changes...
[[0;32m  OK  [0m] Started Update UTMP about System Runlevel Changes.
[   25.321250] cloud-init[1367]: Generating locales (this might take a while)...
[   26.523349] cloud-init[1367]:   en_US.UTF-8... done
[   26.534982] cloud-init[1367]: Generation complete.
[   26.950653] cloud-init[1367]: Cloud-init v. 19.2-36-g059d049c-0ubuntu2~16.04.1 running 'modules:config' at Fri, 17 Jan 2020 11:40:06 +0000. Up 25.05 seconds.
[[0;32m  OK  [0m] Started Apply the settings specified in cloud-config.
         Starting Execute cloud user/final scripts...
ci-info: no authorized ssh keys fingerprints found for user ubuntu.
<14>Jan 17 11:40:08 ec2: 
<14>Jan 17 11:40:08 ec2: #############################################################
<14>Jan 17 11:40:08 ec2: -----BEGIN SSH HOST KEY FINGERPRINTS-----
<14>Jan 17 11:40:08 ec2: 1024 SHA256:ng9/KZMVELMsyToSFPUoq99voAf9Wpx+kLwoPH0NpQU root@ubuntu-xenial (DSA)
<14>Jan 17 11:40:08 ec2: 256 SHA256:Due2PGNNWcrx3d0fZzd9HO38BMo6vY/r2InXf5THIbY root@ubuntu-xenial (ECDSA)
<14>Jan 17 11:40:08 ec2: 256 SHA256:0fhBpKVrr8W9CLJsLXLKvo4ZRh0Bm9lOkuX8e0Geq5M root@ubuntu-xenial (ED25519)
<14>Jan 17 11:40:08 ec2: 2048 SHA256:5Us50OfctiOYHjgnGFfWVOAnQAhOVvX9A0HDWzFkZ5I root@ubuntu-xenial (RSA)
<14>Jan 17 11:40:08 ec2: -----END SSH HOST KEY FINGERPRINTS-----
<14>Jan 17 11:40:08 ec2: #############################################################
-----BEGIN SSH HOST KEY KEYS-----
ecdsa-sha2-nistp256 AAAAE2VjZHNhLXNoYTItbmlzdHAyNTYAAAAIbmlzdHAyNTYAAABBBErP10lFCfRIWYTwx0wDJgjoongffmLZz+Dw9BzLZmyMmDiySHopQafuUfMAEt8Brfsy+Tb5/0WDYKiRudIuSe0= root@ubuntu-xenial
ssh-ed25519 AAAAC3NzaC1lZDI1NTE5AAAAIDYuqZjrDHRK6zvlwvIrENbYnyoPlMFrVYtLiC19fn5w root@ubuntu-xenial
ssh-rsa AAAAB3NzaC1yc2EAAAADAQABAAABAQC0hdkzH6s0Qktt6dwFbleON0c1ndxDUkH4pvfRPY3Mtr69IdUMhGq2BP+b9UVUibnXLiOO87FUFcehuwBX1vpZqWv4eyyaAX2u71ch4t48S3eAhj89C3+iC35xYa+k5Zp5mUmL9HJk+r8bKDbDBnqtc8/0nl8GlZpB0XHFQPIlV+3s34mOkiKwPiMVH26uGq0PqkOZGSOhswPPmPVWUDxH2k4i9pHNvmhJ/hr0ZX0OeD0e3J+LxeVjRe6KTxSrXGhXKxIv2AHBBB662UAO7TOKcrNTJRuphEicuX+dkfxqriGIM2hQrBbnp3alxhTI/VX0FyTSpBFC3n0PzNtccYHZ root@ubuntu-xenial
-----END SSH HOST KEY KEYS-----
[   27.671032] cloud-init[1524]: Cloud-init v. 19.2-36-g059d049c-0ubuntu2~16.04.1 running 'modules:final' at Fri, 17 Jan 2020 11:40:08 +0000. Up 27.41 seconds.
[   27.675251] cloud-init[1524]: ci-info: no authorized ssh keys fingerprints found for user ubuntu.
[   27.756634] [cloud-init[0;32m  OK  [0m[1524]: ] Cloud-init v. 19.2-36-g059d049c-0ubuntu2~16.04.1 finished at Fri, 17 Jan 2020 11:40:08 +0000. Datasource DataSourceNoCloud [seed=/dev/sdb][dsmode=net].  Up 27.65 secondsStarted Execute cloud user/final scripts.

[[0;32m  OK  [0m] Reached target Cloud-init target.

Ubuntu 16.04.6 LTS ubuntu-xenial ttyS0

ubuntu-xenial login: 